[24-Feb-2023 23:59:45 UTC] PHP Warning:  PHP Startup: Unable to load dynamic library 'pdo_firebird' (tried: ext\pdo_firebird (Le module spécifié est introuvable), ext\php_pdo_firebird.dll (Le module spécifié est introuvable)) in Unknown on line 0
[25-Feb-2023 00:08:33 UTC] PHP Warning:  PHP Startup: Unable to load dynamic library 'pdo_firebird' (tried: ext\pdo_firebird (Le module spécifié est introuvable), ext\php_pdo_firebird.dll (Le module spécifié est introuvable)) in Unknown on line 0
[25-Feb-2023 00:19:02 UTC] PHP Warning:  move_uploaded_file(son/02_25_23_00:19:02_sardoche-mais-voila-mais-cetait-sur-en-fait_s9qhFsx.mp3): Failed to open stream: No such file or directory in C:\Users\dydy\Documents\Code\sound.php on line 30
[25-Feb-2023 00:19:02 UTC] PHP Warning:  move_uploaded_file(): Unable to move &quot;C:\Users\dydy\AppData\Local\Temp\php41D2.tmp&quot; to &quot;son/02_25_23_00:19:02_sardoche-mais-voila-mais-cetait-sur-en-fait_s9qhFsx.mp3&quot; in C:\Users\dydy\Documents\Code\sound.php on line 30
[25-Feb-2023 00:19:31 UTC] PHP Warning:  move_uploaded_file(son/02_25_23_00:19:31_ohohohohohohoho.mp3): Failed to open stream: No such file or directory in C:\Users\dydy\Documents\Code\sound.php on line 30
[25-Feb-2023 00:19:31 UTC] PHP Warning:  move_uploaded_file(): Unable to move &quot;C:\Users\dydy\AppData\Local\Temp\phpAFFF.tmp&quot; to &quot;son/02_25_23_00:19:31_ohohohohohohoho.mp3&quot; in C:\Users\dydy\Documents\Code\sound.php on line 30
[25-Feb-2023 00:27:57 UTC] PHP Warning:  Undefined variable $get in C:\Users\dydy\Documents\Code\sound.php on line 43
[25-Feb-2023 00:27:57 UTC] PHP Fatal error:  Uncaught Error: Call to a member function execute() on null in C:\Users\dydy\Documents\Code\sound.php:43
Stack trace:
#0 {main}
  thrown in C:\Users\dydy\Documents\Code\sound.php on line 43
[25-Feb-2023 00:28:19 UTC] PHP Warning:  Undefined variable $get in C:\Users\dydy\Documents\Code\sound.php on line 43
[25-Feb-2023 00:28:19 UTC] PHP Fatal error:  Uncaught Error: Call to a member function execute() on null in C:\Users\dydy\Documents\Code\sound.php:43
Stack trace:
#0 {main}
  thrown in C:\Users\dydy\Documents\Code\sound.php on line 43
[25-Feb-2023 00:28:36 UTC] PHP Warning:  Undefined variable $get in C:\Users\dydy\Documents\Code\sound.php on line 42
[25-Feb-2023 00:28:36 UTC] PHP Fatal error:  Uncaught Error: Call to a member function prepare() on null in C:\Users\dydy\Documents\Code\sound.php:42
Stack trace:
#0 {main}
  thrown in C:\Users\dydy\Documents\Code\sound.php on line 42
[25-Feb-2023 00:28:42 UTC] PHP Warning:  Undefined variable $get in C:\Users\dydy\Documents\Code\sound.php on line 42
[25-Feb-2023 00:28:42 UTC] PHP Fatal error:  Uncaught Error: Call to a member function prepare() on null in C:\Users\dydy\Documents\Code\sound.php:42
Stack trace:
#0 {main}
  thrown in C:\Users\dydy\Documents\Code\sound.php on line 42
[25-Feb-2023 00:28:48 UTC] PHP Warning:  Undefined variable $get in C:\Users\dydy\Documents\Code\sound.php on line 42
[25-Feb-2023 00:28:48 UTC] PHP Fatal error:  Uncaught Error: Call to a member function prepare() on null in C:\Users\dydy\Documents\Code\sound.php:42
Stack trace:
#0 {main}
  thrown in C:\Users\dydy\Documents\Code\sound.php on line 42
[25-Feb-2023 00:35:05 UTC] PHP Warning:  Undefined variable $target_file in C:\Users\dydy\Documents\Code\sound.php on line 29
[02-Mar-2023 21:27:16 UTC] PHP Warning:  PHP Startup: Unable to load dynamic library 'pdo_firebird' (tried: ext\pdo_firebird (Le module spécifié est introuvable), ext\php_pdo_firebird.dll (Le module spécifié est introuvable)) in Unknown on line 0
[02-Mar-2023 23:06:55 UTC] PHP Fatal error:  Uncaught PDOException: SQLSTATE[42000]: Syntax error or access violation: 1064 You have an error in your SQL syntax; check the manual that corresponds to your MariaDB server version for the right syntax to use near ')' at line 1 in C:\Users\dydy\Documents\Code\connexion.php:33
Stack trace:
#0 C:\Users\dydy\Documents\Code\connexion.php(33): PDOStatement->execute()
#1 {main}
  thrown in C:\Users\dydy\Documents\Code\connexion.php on line 33
[02-Mar-2023 23:23:03 UTC] PHP Warning:  Undefined variable $resultat in C:\Users\dydy\Documents\Code\connexion.php on line 36
[02-Mar-2023 23:23:03 UTC] PHP Warning:  Undefined variable $resultat in C:\Users\dydy\Documents\Code\connexion.php on line 38
[02-Mar-2023 23:33:15 UTC] PHP Warning:  Undefined variable $user in C:\Users\dydy\Documents\Code\inscription.php on line 18
[02-Mar-2023 23:33:15 UTC] PHP Warning:  Undefined variable $pass in C:\Users\dydy\Documents\Code\inscription.php on line 18
[02-Mar-2023 23:34:00 UTC] PHP Fatal error:  Uncaught PDOException: SQLSTATE[HY000]: General error: 1364 Field 'nom' doesn't have a default value in C:\Users\dydy\Documents\Code\inscription.php:35
Stack trace:
#0 C:\Users\dydy\Documents\Code\inscription.php(35): PDOStatement->execute()
#1 {main}
  thrown in C:\Users\dydy\Documents\Code\inscription.php on line 35
[02-Mar-2023 23:34:29 UTC] PHP Fatal error:  Uncaught PDOException: SQLSTATE[22001]: String data, right truncated: 1406 Data too long for column 'password' at row 1 in C:\Users\dydy\Documents\Code\inscription.php:35
Stack trace:
#0 C:\Users\dydy\Documents\Code\inscription.php(35): PDOStatement->execute()
#1 {main}
  thrown in C:\Users\dydy\Documents\Code\inscription.php on line 35
[02-Mar-2023 23:49:03 UTC] PHP Fatal error:  Uncaught PDOException: SQLSTATE[23000]: Integrity constraint violation: 1062 Duplicate entry 'dydy@corp.co' for key 'email' in C:\Users\dydy\Documents\Code\inscription.php:32
Stack trace:
#0 C:\Users\dydy\Documents\Code\inscription.php(32): PDOStatement->execute()
#1 {main}
  thrown in C:\Users\dydy\Documents\Code\inscription.php on line 32
[03-Mar-2023 21:53:19 UTC] PHP Fatal error:  Uncaught Error: Array callback must have exactly two elements in C:\Users\dydy\Documents\Code\inscription.php:26
Stack trace:
#0 {main}
  thrown in C:\Users\dydy\Documents\Code\inscription.php on line 26
[03-Mar-2023 21:54:40 UTC] PHP Fatal error:  Uncaught Error: Array callback must have exactly two elements in C:\Users\dydy\Documents\Code\inscription.php:26
Stack trace:
#0 {main}
  thrown in C:\Users\dydy\Documents\Code\inscription.php on line 26
[03-Mar-2023 22:02:19 UTC] PHP Fatal error:  Uncaught PDOException: SQLSTATE[23000]: Integrity constraint violation: 1062 Duplicate entry 'dy.marion92@gmail.com' for key 'email' in C:\Users\dydy\Documents\Code\inscription.php:33
Stack trace:
#0 C:\Users\dydy\Documents\Code\inscription.php(33): PDOStatement->execute()
#1 {main}
  thrown in C:\Users\dydy\Documents\Code\inscription.php on line 33
[03-Mar-2023 22:06:22 UTC] PHP Warning:  Undefined array key "name" in C:\Users\dydy\Documents\Code\connexion.php on line 37
[03-Mar-2023 22:08:51 UTC] PHP Warning:  Undefined global variable $_SESSION in C:\Users\dydy\Documents\Code\connexion.php on line 49
[03-Mar-2023 22:10:09 UTC] PHP Warning:  Undefined global variable $_SESSION in C:\Users\dydy\Documents\Code\connexion.php on line 49
[03-Mar-2023 22:10:10 UTC] PHP Warning:  Undefined global variable $_SESSION in C:\Users\dydy\Documents\Code\connexion.php on line 49
[03-Mar-2023 22:10:10 UTC] PHP Warning:  Undefined global variable $_SESSION in C:\Users\dydy\Documents\Code\connexion.php on line 49
[03-Mar-2023 22:21:07 UTC] PHP Warning:  session_destroy(): Trying to destroy uninitialized session in C:\Users\dydy\Documents\Code\deconnexion.php on line 3
[03-Mar-2023 22:21:27 UTC] PHP Warning:  session_destroy(): Trying to destroy uninitialized session in C:\Users\dydy\Documents\Code\deconnexion.php on line 3
[03-Mar-2023 22:21:46 UTC] PHP Warning:  session_destroy(): Trying to destroy uninitialized session in C:\Users\dydy\Documents\Code\deconnexion.php on line 3
